<?xml version="1.0" encoding="UTF-8"?>
<!-- Generated by org.testng.reporters.JUnitReportReporter -->
<testsuite hostname="NODE1899" failures="0" tests="2" name="RahulshettyAcademy.Test.ErrorValidationTest" time="53.508" errors="0" timestamp="2024-02-16T17:40:07 IST" skipped="0">
  <testcase classname="RahulshettyAcademy.Test.ErrorValidationTest" name="ProductErrorValidation" time="19.645"/>
  <testcase classname="RahulshettyAcademy.Test.ErrorValidationTest" name="LoginErrorValidation" time="33.863"/>
</testsuite> <!-- RahulshettyAcademy.Test.ErrorValidationTest -->
