<?xml version="1.0" encoding="UTF-8"?>
<!-- Generated by org.testng.reporters.JUnitReportReporter -->
<testsuite hostname="NODE1899" failures="0" tests="2" name="RahulshettyAcademy.Test.ErrorValidation" time="11.257" errors="0" timestamp="2023-11-16T13:04:59 IST" skipped="0">
  <testcase classname="RahulshettyAcademy.Test.ErrorValidation" name="ProductErrorValidation" time="7.425"/>
  <testcase classname="RahulshettyAcademy.Test.ErrorValidation" name="LoginErrorValidation" time="3.832"/>
</testsuite> <!-- RahulshettyAcademy.Test.ErrorValidation -->
