<?xml version="1.0" encoding="UTF-8"?>
<!-- Generated by org.testng.reporters.JUnitReportReporter -->
<testsuite hostname="NODE1899" failures="0" tests="4" name="RahulshettyAcademy.Test.SubmitOrderTest" time="47.498" errors="0" timestamp="2024-02-11T16:13:30 IST" skipped="0">
  <testcase classname="RahulshettyAcademy.Test.SubmitOrderTest" name="submitOrder" time="12.710"/>
  <testcase classname="RahulshettyAcademy.Test.SubmitOrderTest" name="submitOrder" time="14.945"/>
  <testcase classname="RahulshettyAcademy.Test.SubmitOrderTest" name="submitOrder" time="17.567"/>
  <testcase classname="RahulshettyAcademy.Test.SubmitOrderTest" name="OrderHistoryTest" time="2.276"/>
</testsuite> <!-- RahulshettyAcademy.Test.SubmitOrderTest -->
