<?xml version="1.0" encoding="UTF-8"?>
<!-- Generated by org.testng.reporters.JUnitReportReporter -->
<testsuite hostname="NODE1899" failures="0" tests="1" name="cucumber.TestngTestRunner" time="14.305" errors="0" timestamp="2024-02-19T13:32:59 IST" skipped="0">
  <testcase classname="cucumber.TestngTestRunner" name="runScenario" time="14.305"/>
</testsuite> <!-- cucumber.TestngTestRunner -->
