<?xml version="1.0" encoding="UTF-8"?>
<!-- Generated by org.testng.reporters.JUnitReportReporter -->
<testsuite hostname="NODE1899" failures="0" tests="2" name="RahulshettyAcademy.Test.ErrorValidationTest" time="38.585" errors="0" timestamp="2024-02-16T17:44:42 IST" skipped="0">
  <testcase classname="RahulshettyAcademy.Test.ErrorValidationTest" name="ProductErrorValidation" time="21.225"/>
  <testcase classname="RahulshettyAcademy.Test.ErrorValidationTest" name="LoginErrorValidation" time="17.360"/>
</testsuite> <!-- RahulshettyAcademy.Test.ErrorValidationTest -->
