<?xml version="1.0" encoding="UTF-8"?>
<!-- Generated by org.testng.reporters.JUnitReportReporter -->
<testsuite hostname="NODE1899" failures="0" tests="3" name="RahulshettyAcademy.Test.SubmitOrderTest" time="95.040" errors="0" timestamp="2024-02-16T17:48:55 IST" skipped="0">
  <testcase classname="RahulshettyAcademy.Test.SubmitOrderTest" name="submitOrder" time="41.710"/>
  <testcase classname="RahulshettyAcademy.Test.SubmitOrderTest" name="submitOrder" time="26.948"/>
  <testcase classname="RahulshettyAcademy.Test.SubmitOrderTest" name="submitOrder" time="26.382"/>
</testsuite> <!-- RahulshettyAcademy.Test.SubmitOrderTest -->
